[    0.000000] Linux version 4.18.0-25-generic (buildd@lcy01-amd64-025) (gcc version 8.3.0 (Ubuntu 8.3.0-6ubuntu1~18.10.1)) #26-Ubuntu SMP Mon Jun 24 09:32:08 UTC 2019 (Ubuntu 4.18.0-25.26-generic 4.18.20)
[    0.000000] Command line: BOOT_IMAGE=/boot/vmlinuz-4.18.0-25-generic root=LABEL=cloudimg-rootfs ro console=tty1 console=ttyS0
[    0.000000] KERNEL supported cpus:
[    0.000000]   Intel GenuineIntel
[    0.000000]   AMD AuthenticAMD
[    0.000000]   Centaur CentaurHauls
[    0.000000] x86/fpu: Supporting XSAVE feature 0x001: 'x87 floating point registers'
[    0.000000] x86/fpu: Supporting XSAVE feature 0x002: 'SSE registers'
[    0.000000] x86/fpu: Supporting XSAVE feature 0x004: 'AVX registers'
[    0.000000] x86/fpu: xstate_offset[2]:  576, xstate_sizes[2]:  256
[    0.000000] x86/fpu: Enabled xstate features 0x7, context size is 832 bytes, using 'standard' format.
[    0.000000] BIOS-provided physical RAM map:
[    0.000000] BIOS-e820: [mem 0x0000000000000000-0x000000000009fbff] usable
[    0.000000] BIOS-e820: [mem 0x000000000009fc00-0x000000000009ffff] reserved
[    0.000000] BIOS-e820: [mem 0x00000000000f0000-0x00000000000fffff] reserved
[    0.000000] BIOS-e820: [mem 0x0000000000100000-0x000000003ffeffff] usable
[    0.000000] BIOS-e820: [mem 0x000000003fff0000-0x000000003fffffff] ACPI data
[    0.000000] BIOS-e820: [mem 0x00000000fec00000-0x00000000fec00fff] reserved
[    0.000000] BIOS-e820: [mem 0x00000000fee00000-0x00000000fee00fff] reserved
[    0.000000] BIOS-e820: [mem 0x00000000fffc0000-0x00000000ffffffff] reserved
[    0.000000] NX (Execute Disable) protection: active
[    0.000000] SMBIOS 2.5 present.
[    0.000000] DMI: innotek GmbH VirtualBox/VirtualBox, BIOS VirtualBox 12/01/2006
[    0.000000] Hypervisor detected: KVM
[    0.000000] last_pfn = 0x3fff0 max_arch_pfn = 0x400000000
[    0.000000] Disabled
[    0.000000] x86/PAT: MTRRs disabled, skipping PAT initialization too.
[    0.000000] CPU MTRRs all blank - virtualized system.
[    0.000000] x86/PAT: Configuration [0-7]: WB  WT  UC- UC  WB  WT  UC- UC  
[    0.000000] found SMP MP-table at [mem 0x0009fff0-0x0009ffff] mapped at [(____ptrval____)]
[    0.000000] Scanning 1 areas for low memory corruption
[    0.000000] RAMDISK: [mem 0x35a13000-0x36d00fff]
[    0.000000] ACPI: Early table checksum verification disabled
[    0.000000] ACPI: RSDP 0x00000000000E0000 000024 (v02 VBOX  )
[    0.000000] ACPI: XSDT 0x000000003FFF0030 00003C (v01 VBOX   VBOXXSDT 00000001 ASL  00000061)
[    0.000000] ACPI: FACP 0x000000003FFF00F0 0000F4 (v04 VBOX   VBOXFACP 00000001 ASL  00000061)
[    0.000000] ACPI: DSDT 0x000000003FFF0470 0022EA (v02 VBOX   VBOXBIOS 00000002 INTL 20100528)
[    0.000000] ACPI: FACS 0x000000003FFF0200 000040
[    0.000000] ACPI: FACS 0x000000003FFF0200 000040
[    0.000000] ACPI: APIC 0x000000003FFF0240 00005C (v02 VBOX   VBOXAPIC 00000001 ASL  00000061)
[    0.000000] ACPI: SSDT 0x000000003FFF02A0 0001CC (v01 VBOX   VBOXCPUT 00000002 INTL 20100528)
[    0.000000] No NUMA configuration found
[    0.000000] Faking a node at [mem 0x0000000000000000-0x000000003ffeffff]
[    0.000000] NODE_DATA(0) allocated [mem 0x3ffc5000-0x3ffeffff]
[    0.000000] kvm-clock: cpu 0, msr 0:3ff44001, primary cpu clock
[    0.000000] kvm-clock: Using msrs 4b564d01 and 4b564d00
[    0.000000] kvm-clock: using sched offset of 5346885439 cycles
[    0.000000] clocksource: kvm-clock: mask: 0xffffffffffffffff max_cycles: 0x1cd42e4dffb, max_idle_ns: 881590591483 ns
[    0.000000] Zone ranges:
[    0.000000]   DMA      [mem 0x0000000000001000-0x0000000000ffffff]
[    0.000000]   DMA32    [mem 0x0000000001000000-0x000000003ffeffff]
[    0.000000]   Normal   empty
[    0.000000]   Device   empty
[    0.000000] Movable zone start for each node
[    0.000000] Early memory node ranges
[    0.000000]   node   0: [mem 0x0000000000001000-0x000000000009efff]
[    0.000000]   node   0: [mem 0x0000000000100000-0x000000003ffeffff]
[    0.000000] Reserved but unavailable: 114 pages
[    0.000000] Initmem setup node 0 [mem 0x0000000000001000-0x000000003ffeffff]
[    0.000000] ACPI: PM-Timer IO Port: 0x4008
[    0.000000] IOAPIC[0]: apic_id 2, version 32, address 0xfec00000, GSI 0-23
[    0.000000] ACPI: INT_SRC_OVR (bus 0 bus_irq 0 global_irq 2 dfl dfl)
[    0.000000] ACPI: INT_SRC_OVR (bus 0 bus_irq 9 global_irq 9 low level)
[    0.000000] Using ACPI (MADT) for SMP configuration information
[    0.000000] smpboot: Allowing 2 CPUs, 0 hotplug CPUs
[    0.000000] PM: Registered nosave memory: [mem 0x00000000-0x00000fff]
[    0.000000] PM: Registered nosave memory: [mem 0x0009f000-0x0009ffff]
[    0.000000] PM: Registered nosave memory: [mem 0x000a0000-0x000effff]
[    0.000000] PM: Registered nosave memory: [mem 0x000f0000-0x000fffff]
[    0.000000] [mem 0x40000000-0xfebfffff] available for PCI devices
[    0.000000] Booting paravirtualized kernel on KVM
[    0.000000] clocksource: refined-jiffies: mask: 0xffffffff max_cycles: 0xffffffff, max_idle_ns: 7645519600211568 ns
[    0.000000] random: get_random_bytes called from start_kernel+0x99/0x55a with crng_init=0
[    0.000000] setup_percpu: NR_CPUS:8192 nr_cpumask_bits:2 nr_cpu_ids:2 nr_node_ids:1
[    0.000000] percpu: Embedded 46 pages/cpu @(____ptrval____) s151552 r8192 d28672 u1048576
[    0.000000] PV qspinlock hash table entries: 256 (order: 0, 4096 bytes)
[    0.000000] Built 1 zonelists, mobility grouping on.  Total pages: 257913
[    0.000000] Policy zone: DMA32
[    0.000000] Kernel command line: BOOT_IMAGE=/boot/vmlinuz-4.18.0-25-generic root=LABEL=cloudimg-rootfs ro console=tty1 console=ttyS0
[    0.000000] Memory: 983072K/1048120K available (12300K kernel code, 2633K rwdata, 4244K rodata, 2456K init, 2336K bss, 65048K reserved, 0K cma-reserved)
[    0.000000] SLUB: HWalign=64, Order=0-3, MinObjects=0, CPUs=2, Nodes=1
[    0.000000] Kernel/User page tables isolation: enabled
[    0.000000] ftrace: allocating 40830 entries in 160 pages
[    0.004000] Hierarchical RCU implementation.
[    0.004000] 	RCU restricting CPUs from NR_CPUS=8192 to nr_cpu_ids=2.
[    0.004000] 	Tasks RCU enabled.
[    0.004000] RCU: Adjusting geometry for rcu_fanout_leaf=16, nr_cpu_ids=2
[    0.004000] NR_IRQS: 524544, nr_irqs: 440, preallocated irqs: 16
[    0.004000] Console: colour VGA+ 80x25
[    0.004000] console [tty1] enabled
[    0.004000] console [ttyS0] enabled
[    0.004000] ACPI: Core revision 20180531
[    0.004000] APIC: Switch to symmetric I/O mode setup
[    0.004000] x2apic enabled
[    0.004000] Switched APIC routing to physical x2apic.
[    0.004000] ..TIMER: vector=0x30 apic1=0 pin1=2 apic2=-1 pin2=-1
[    0.004007] tsc: Detected 3599.992 MHz processor
[    0.004824] clocksource: tsc-early: mask: 0xffffffffffffffff max_cycles: 0x33e44bc06cb, max_idle_ns: 440795255742 ns
[    0.006033] Calibrating delay loop (skipped) preset value.. 7199.98 BogoMIPS (lpj=14399968)
[    0.008008] pid_max: default: 32768 minimum: 301
[    0.008912] Security Framework initialized
[    0.009635] Yama: becoming mindful.
[    0.010229] AppArmor: AppArmor initialized
[    0.012054] Dentry cache hash table entries: 131072 (order: 8, 1048576 bytes)
[    0.013268] Inode-cache hash table entries: 65536 (order: 7, 524288 bytes)
[    0.014471] Mount-cache hash table entries: 2048 (order: 2, 16384 bytes)
[    0.016018] Mountpoint-cache hash table entries: 2048 (order: 2, 16384 bytes)
[    0.017616] mce: CPU supports 0 MCE banks
[    0.018513] Last level iTLB entries: 4KB 512, 2MB 8, 4MB 8
[    0.020006] Last level dTLB entries: 4KB 512, 2MB 32, 4MB 32, 1GB 0
[    0.021775] Spectre V2 : Mitigation: Full generic retpoline
[    0.023063] Spectre V2 : Spectre v2 / SpectreRSB mitigation: Filling RSB on context switch
[    0.024007] Speculative Store Bypass: Vulnerable
[    0.024762] MDS: Vulnerable: Clear CPU buffers attempted, no microcode
[    0.026097] Freeing SMP alternatives memory: 36K
[    0.032000] smpboot: CPU0: Intel(R) Core(TM) i7-3820 CPU @ 3.60GHz (family: 0x6, model: 0x2d, stepping: 0x7)
[    0.032000] Performance Events: unsupported p6 CPU model 45 no PMU driver, software events only.
[    0.032118] Hierarchical SRCU implementation.
[    0.033465] NMI watchdog: Perf event create on CPU 0 failed with -2
[    0.034716] NMI watchdog: Perf NMI watchdog permanently disabled
[    0.036125] smp: Bringing up secondary CPUs ...
[    0.037165] x86: Booting SMP configuration:
[    0.037930] .... node  #0, CPUs:      #1
[    0.004000] kvm-clock: cpu 1, msr 0:3ff44041, secondary cpu clock
[    0.004000] mce: CPU supports 0 MCE banks
[    0.043348] smp: Brought up 1 node, 2 CPUs
[    0.043348] smpboot: Max logical packages: 1
[    0.044016] smpboot: Total of 2 processors activated (14399.96 BogoMIPS)
[    0.045960] devtmpfs: initialized
[    0.045960] x86/mm: Memory block size: 128MB
[    0.049520] clocksource: jiffies: mask: 0xffffffff max_cycles: 0xffffffff, max_idle_ns: 7645041785100000 ns
[    0.052030] futex hash table entries: 512 (order: 3, 32768 bytes)
[    0.053148] pinctrl core: initialized pinctrl subsystem
[    0.054132] RTC time: 16:36:59, date: 07/23/19
[    0.056141] NET: Registered protocol family 16
[    0.056842] audit: initializing netlink subsys (disabled)
[    0.057630] audit: type=2000 audit(1563899826.472:1): state=initialized audit_enabled=0 res=1
[    0.060081] cpuidle: using governor ladder
[    0.060757] cpuidle: using governor menu
[    0.061372] ACPI: bus type PCI registered
[    0.062235] acpiphp: ACPI Hot Plug PCI Controller Driver version: 0.5
[    0.063503] PCI: Using configuration type 1 for base access
[    0.065039] HugeTLB registered 2.00 MiB page size, pre-allocated 0 pages
[    0.068095] ACPI: Added _OSI(Module Device)
[    0.068729] ACPI: Added _OSI(Processor Device)
[    0.069497] ACPI: Added _OSI(3.0 _SCP Extensions)
[    0.070348] ACPI: Added _OSI(Processor Aggregator Device)
[    0.071380] ACPI: Added _OSI(Linux-Dell-Video)
[    0.072016] ACPI: Added _OSI(Linux-Lenovo-NV-HDMI-Audio)
[    0.075595] ACPI: 2 ACPI AML tables successfully acquired and loaded
[    0.077769] ACPI: Interpreter enabled
[    0.078828] ACPI: (supports S0 S5)
[    0.080028] ACPI: Using IOAPIC for interrupt routing
[    0.081525] PCI: Using host bridge windows from ACPI; if necessary, use "pci=nocrs" and report a bug
[    0.083499] ACPI: Enabled 2 GPEs in block 00 to 07
[    0.091946] ACPI: PCI Root Bridge [PCI0] (domain 0000 [bus 00-ff])
[    0.092027] acpi PNP0A03:00: _OSC: OS supports [ASPM ClockPM Segments MSI]
[    0.096855] acpi PNP0A03:00: _OSC: not requesting OS control; OS requires [ExtendedConfig ASPM ClockPM MSI]
[    0.099052] acpi PNP0A03:00: fail to add MMCONFIG information, can't access extended PCI configuration space under this bridge.
[    0.100602] PCI host bridge to bus 0000:00
[    0.101785] pci_bus 0000:00: root bus resource [io  0x0000-0x0cf7 window]
[    0.104014] pci_bus 0000:00: root bus resource [io  0x0d00-0xffff window]
[    0.104986] pci_bus 0000:00: root bus resource [mem 0x000a0000-0x000bffff window]
[    0.107228] pci_bus 0000:00: root bus resource [mem 0x40000000-0xfdffffff window]
[    0.108016] pci_bus 0000:00: root bus resource [bus 00-ff]
[    0.113889] pci 0000:00:01.1: legacy IDE quirk: reg 0x10: [io  0x01f0-0x01f7]
[    0.115246] pci 0000:00:01.1: legacy IDE quirk: reg 0x14: [io  0x03f6]
[    0.116010] pci 0000:00:01.1: legacy IDE quirk: reg 0x18: [io  0x0170-0x0177]
[    0.117427] pci 0000:00:01.1: legacy IDE quirk: reg 0x1c: [io  0x0376]
[    0.136558] pci 0000:00:07.0: quirk: [io  0x4000-0x403f] claimed by PIIX4 ACPI
[    0.137619] pci 0000:00:07.0: quirk: [io  0x4100-0x410f] claimed by PIIX4 SMB
[    0.151089] ACPI: PCI Interrupt Link [LNKA] (IRQs 5 9 10 *11)
[    0.152471] ACPI: PCI Interrupt Link [LNKB] (IRQs 5 9 *10 11)
[    0.153596] ACPI: PCI Interrupt Link [LNKC] (IRQs 5 *9 10 11)
[    0.154901] ACPI: PCI Interrupt Link [LNKD] (IRQs 5 9 10 *11)
[    0.156450] SCSI subsystem initialized
[    0.157463] pci 0000:00:02.0: vgaarb: setting as boot VGA device
[    0.157463] pci 0000:00:02.0: vgaarb: VGA device added: decodes=io+mem,owns=io+mem,locks=none
[    0.160005] pci 0000:00:02.0: vgaarb: bridge control possible
[    0.160917] vgaarb: loaded
[    0.161825] ACPI: bus type USB registered
[    0.162624] usbcore: registered new interface driver usbfs
[    0.164026] usbcore: registered new interface driver hub
[    0.165029] usbcore: registered new device driver usb
[    0.165749] pps_core: LinuxPPS API ver. 1 registered
[    0.166444] pps_core: Software ver. 5.3.6 - Copyright 2005-2007 Rodolfo Giometti <giometti@linux.it>
[    0.168006] PTP clock support registered
[    0.168707] EDAC MC: Ver: 3.0.0
[    0.168755] PCI: Using ACPI for IRQ routing
[    0.168979] NetLabel: Initializing
[    0.172004] NetLabel:  domain hash size = 128
[    0.172917] NetLabel:  protocols = UNLABELED CIPSOv4 CALIPSO
[    0.173725] NetLabel:  unlabeled traffic allowed by default
[    0.174665] clocksource: Switched to clocksource kvm-clock
[    0.186381] VFS: Disk quotas dquot_6.6.0
[    0.187236] VFS: Dquot-cache hash table entries: 512 (order 0, 4096 bytes)
[    0.190349] AppArmor: AppArmor Filesystem Enabled
[    0.191666] pnp: PnP ACPI init
[    0.193214] pnp: PnP ACPI: found 3 devices
[    0.204875] clocksource: acpi_pm: mask: 0xffffff max_cycles: 0xffffff, max_idle_ns: 2085701024 ns
[    0.206860] NET: Registered protocol family 2
[    0.207668] tcp_listen_portaddr_hash hash table entries: 512 (order: 1, 8192 bytes)
[    0.209164] TCP established hash table entries: 8192 (order: 4, 65536 bytes)
[    0.210380] TCP bind hash table entries: 8192 (order: 5, 131072 bytes)
[    0.211475] TCP: Hash tables configured (established 8192 bind 8192)
[    0.212878] UDP hash table entries: 512 (order: 2, 16384 bytes)
[    0.213831] UDP-Lite hash table entries: 512 (order: 2, 16384 bytes)
[    0.215019] NET: Registered protocol family 1
[    0.215904] NET: Registered protocol family 44
[    0.216863] pci 0000:00:00.0: Limiting direct PCI/PCI transfers
[    0.218207] pci 0000:00:01.0: Activating ISA DMA hang workarounds
[    0.219393] pci 0000:00:02.0: Video device with shadowed ROM at [mem 0x000c0000-0x000dffff]
[    0.221332] Unpacking initramfs...
[    0.465779] Freeing initrd memory: 19384K
[    0.466538] clocksource: tsc: mask: 0xffffffffffffffff max_cycles: 0x33e44bc06cb, max_idle_ns: 440795255742 ns
[    0.468393] platform rtc_cmos: registered platform RTC device (no PNP device found)
[    0.469478] Scanning for low memory corruption every 60 seconds
[    0.470947] Initialise system trusted keyrings
[    0.471634] Key type blacklist registered
[    0.472573] workingset: timestamp_bits=36 max_order=18 bucket_order=0
[    0.475156] zbud: loaded
[    0.476090] squashfs: version 4.0 (2009/01/31) Phillip Lougher
[    0.477253] fuse init (API version 7.27)
[    0.478018] pstore: using deflate compression
[    0.481047] Key type asymmetric registered
[    0.481640] Asymmetric key parser 'x509' registered
[    0.482391] Block layer SCSI generic (bsg) driver version 0.4 loaded (major 244)
[    0.483577] io scheduler noop registered
[    0.484191] io scheduler deadline registered
[    0.484836] io scheduler cfq registered (default)
[    0.485694] shpchp: Standard Hot Plug PCI Controller Driver version: 0.4
[    0.487252] ACPI: AC Adapter [AC] (on-line)
[    0.488165] input: Power Button as /devices/LNXSYSTM:00/LNXPWRBN:00/input/input0
[    0.489496] ACPI: Power Button [PWRF]
[    0.490129] input: Sleep Button as /devices/LNXSYSTM:00/LNXSLPBN:00/input/input1
[    0.491282] ACPI: Sleep Button [SLPF]
[    0.492310] Serial: 8250/16550 driver, 32 ports, IRQ sharing enabled
[    0.514443] 00:02: ttyS0 at I/O 0x3f8 (irq = 4, base_baud = 115200) is a 16550A
[    0.518447] Linux agpgart interface v0.103
[    0.522992] loop: module loaded
[    0.524392] scsi host0: ata_piix
[    0.525178] scsi host1: ata_piix
[    0.525794] ata1: PATA max UDMA/33 cmd 0x1f0 ctl 0x3f6 bmdma 0xd000 irq 14
[    0.526783] ata2: PATA max UDMA/33 cmd 0x170 ctl 0x376 bmdma 0xd008 irq 15
[    0.528189] libphy: Fixed MDIO Bus: probed
[    0.528967] tun: Universal TUN/TAP device driver, 1.6
[    0.530162] PPP generic driver version 2.4.2
[    0.531145] ehci_hcd: USB 2.0 'Enhanced' Host Controller (EHCI) Driver
[    0.532040] ehci-pci: EHCI PCI platform driver
[    0.532762] ehci-platform: EHCI generic platform driver
[    0.533572] ohci_hcd: USB 1.1 'Open' Host Controller (OHCI) Driver
[    0.534442] ohci-pci: OHCI PCI platform driver
[    0.535545] ohci-platform: OHCI generic platform driver
[    0.536537] uhci_hcd: USB Universal Host Controller Interface driver
[    0.537870] i8042: PNP: PS/2 Controller [PNP0303:PS2K,PNP0f03:PS2M] at 0x60,0x64 irq 1,12
[    0.539532] serio: i8042 KBD port at 0x60,0x64 irq 1
[    0.540282] serio: i8042 AUX port at 0x60,0x64 irq 12
[    0.541129] mousedev: PS/2 mouse device common for all mice
[    0.542714] input: AT Translated Set 2 keyboard as /devices/platform/i8042/serio0/input/input2
[    0.544225] rtc_cmos rtc_cmos: registered as rtc0
[    0.545545] rtc_cmos rtc_cmos: alarms up to one day, 114 bytes nvram
[    0.546473] i2c /dev entries driver
[    0.547121] device-mapper: uevent: version 1.0.3
[    0.547973] device-mapper: ioctl: 4.39.0-ioctl (2018-04-03) initialised: dm-devel@redhat.com
[    0.549821] ledtrig-cpu: registered to indicate activity on CPUs
[    0.551401] NET: Registered protocol family 10
[    0.557315] Segment Routing with IPv6
[    0.558191] NET: Registered protocol family 17
[    0.559232] Key type dns_resolver registered
[    0.560383] RAS: Correctable Errors collector initialized.
[    0.561485] sched_clock: Marking stable (560222482, 0)->(804792329, -244569847)
[    0.563320] registered taskstats version 1
[    0.563953] Loading compiled-in X.509 certificates
[    0.567243] Loaded X.509 cert 'Build time autogenerated kernel key: 015552d29213a3bbc55f8c55bbf0148276022678'
[    0.568750] zswap: loaded using pool lzo/zbud
[    0.573316] Key type big_key registered
[    0.573899] Key type trusted registered
[    0.576134] Key type encrypted registered
[    0.576756] AppArmor: AppArmor sha1 policy hashing enabled
[    0.578191] ima: No TPM chip found, activating TPM-bypass! (rc=-19)
[    0.579340] ima: Allocated hash algorithm: sha1
[    0.579992] evm: Initialising EVM extended attributes:
[    0.580764] evm: security.selinux
[    0.581272] evm: security.SMACK64
[    0.581813] evm: security.SMACK64EXEC
[    0.582379] evm: security.SMACK64TRANSMUTE
[    0.583183] evm: security.SMACK64MMAP
[    0.583901] evm: security.apparmor
[    0.584558] evm: security.ima
[    0.585019] evm: security.capability
[    0.585728] evm: HMAC attrs: 0x1
[    0.586443]   Magic number: 11:14:642
[    0.587081] rtc_cmos rtc_cmos: setting system clock to 2019-07-23 16:37:00 UTC (1563899820)
[    0.691604] Freeing unused kernel image memory: 2456K
[    0.704107] Write protecting the kernel read-only data: 20480k
[    0.705486] Freeing unused kernel image memory: 2008K
[    0.706561] Freeing unused kernel image memory: 1900K
[    0.715416] x86/mm: Checked W+X mappings: passed, no W+X pages found.
[    0.716833] x86/mm: Checking user space page tables
[    0.726530] x86/mm: Checked W+X mappings: passed, no W+X pages found.
Loading, please wait...
starting version 239
[    0.815718] e1000: Intel(R) PRO/1000 Network Driver - version 7.3.21-k8-NAPI
[    0.816806] e1000: Copyright (c) 1999-2006 Intel Corporation.
[    0.839700] cryptd: max_cpu_qlen set to 1000
[    0.842238] Fusion MPT base driver 3.04.20
[    0.843237] Copyright (c) 1999-2008 LSI Corporation
[    0.860946] Fusion MPT SPI Host driver 3.04.20
[    0.862060] AVX version of gcm_enc/dec engaged.
[    0.863513] AES CTR mode by8 optimization enabled
[    0.871504] mptbase: ioc0: Initiating bringup
[    0.972224] ioc0: LSI53C1030 A0: Capabilities={Initiator}
[    1.053784] input: ImExPS/2 Generic Explorer Mouse as /devices/platform/i8042/serio1/input/input4
[    1.222601] scsi host2: ioc0: LSI53C1030 A0, FwRev=00000000h, Ports=1, MaxQ=256, IRQ=20
[    1.256332] e1000 0000:00:03.0 eth0: (PCI:33MHz:32-bit) 02:48:52:69:50:c9
[    1.257429] e1000 0000:00:03.0 eth0: Intel(R) PRO/1000 Network Connection
[    1.259846] e1000 0000:00:03.0 enp0s3: renamed from eth0
[    1.416507] scsi 2:0:0:0: Direct-Access     VBOX     HARDDISK         1.0  PQ: 0 ANSI: 5
[    1.448368] scsi target2:0:0: Beginning Domain Validation
[    1.450247] scsi target2:0:0: Domain Validation skipping write tests
[    1.451104] scsi target2:0:0: Ending Domain Validation
[    1.451877] scsi target2:0:0: asynchronous
[    1.453133] scsi 2:0:1:0: Direct-Access     VBOX     HARDDISK         1.0  PQ: 0 ANSI: 5
[    1.484462] scsi target2:0:1: Beginning Domain Validation
[    1.486258] random: fast init done
[    1.487040] scsi target2:0:1: Domain Validation skipping write tests
[    1.488941] scsi target2:0:1: Ending Domain Validation
[    1.490360] scsi target2:0:1: asynchronous
[    1.495612] random: systemd-udevd: uninitialized urandom read (16 bytes read)
[    1.495729] sd 2:0:0:0: Attached scsi generic sg0 type 0
[    1.497150] random: systemd-udevd: uninitialized urandom read (16 bytes read)
[    1.498318] sd 2:0:1:0: Attached scsi generic sg1 type 0
[    1.499391] random: systemd-udevd: uninitialized urandom read (16 bytes read)
[    1.502238] sd 2:0:0:0: [sda] 20971520 512-byte logical blocks: (10.7 GB/10.0 GiB)
[    1.504187] sd 2:0:1:0: [sdb] 20480 512-byte logical blocks: (10.5 MB/10.0 MiB)
[    1.507003] sd 2:0:0:0: [sda] Write Protect is off
[    1.508294] sd 2:0:1:0: [sdb] Write Protect is off
[    1.509560] sd 2:0:0:0: [sda] Incomplete mode parameter data
[    1.510796] sd 2:0:0:0: [sda] Assuming drive cache: write through
[    1.510886] sd 2:0:1:0: [sdb] Incomplete mode parameter data
[    1.512794] sd 2:0:1:0: [sdb] Assuming drive cache: write through
[    1.538491]  sda: sda1
[    1.539654] sd 2:0:0:0: [sda] Attached SCSI disk
[    1.564779] sd 2:0:1:0: [sdb] Attached SCSI disk
Begin: Loading essential drivers ... [    3.128851] raid6: sse2x1   gen() 10294 MB/s
[    3.176586] raid6: sse2x1   xor()  7430 MB/s
[    3.224371] raid6: sse2x2   gen() 13333 MB/s
[    3.272176] raid6: sse2x2   xor()  8388 MB/s
[    3.321339] raid6: sse2x4   gen() 14361 MB/s
[    3.368140] raid6: sse2x4   xor()  7900 MB/s
[    3.368762] raid6: using algorithm sse2x4 gen() 14361 MB/s
[    3.369551] raid6: .... xor() 7900 MB/s, rmw enabled
[    3.370342] raid6: using ssse3x2 recovery algorithm
[    3.373123] xor: automatically using best checksumming function   avx       
[    3.375421] async_tx: api initialized (async)
done.
Begin: Running /scripts/init-premount ... done.
Begin: Mounting root file system ... Begin: Running /scripts/local-top ... done.
Begin: Running /scripts/local-premount ... [    3.429255] Btrfs loaded, crc32c=crc32c-intel
Scanning for Btrfs filesystems
done.
Warning: fsck not present, so skipping root file system
[    3.512125] EXT4-fs (sda1): mounted filesystem with ordered data mode. Opts: (null)
done.
Begin: Running /scripts/local-bottom ... done.
Begin: Running /scripts/init-bottom ... done.
[    4.571968] systemd[1]: systemd 239 running in system mode. (+PAM +AUDIT +SELINUX +IMA +APPARMOR +SMACK +SYSVINIT +UTMP +LIBCRYPTSETUP +GCRYPT +GNUTLS +ACL +XZ +LZ4 +SECCOMP +BLKID +ELFUTILS +KMOD -IDN2 +IDN -PCRE2 default-hierarchy=hybrid)
[    4.575783] systemd[1]: Detected virtualization oracle.
[    4.576536] systemd[1]: Detected architecture x86-64.

Welcome to [1mUbuntu 18.10[0m!

[    4.616235] systemd[1]: Set hostname to <ubuntu>.
[    4.636203] systemd[1]: Initializing machine ID from random generator.
[    4.637286] systemd[1]: Installed transient /etc/machine-id file.
[    5.237320] random: crng init done
[    5.237881] random: 7 urandom warning(s) missed due to ratelimiting
[    5.986443] systemd[1]: Created slice User and Session Slice.
[[0;32m  OK  [0m] Created slice User and Session Slice.
[    5.988646] systemd[1]: Listening on Journal Socket (/dev/log).
[[0;32m  OK  [0m] Listening on Journal Socket (/dev/log).
[    6.001892] systemd[1]: Set up automount Arbitrary Executable File Formats File System Automount Point.
[[0;32m  OK  [0m] Set up automount Arbitrary Executab…rmats File System Automount Point.
[    6.005066] systemd[1]: Started Forward Password Requests to Wall Directory Watch.
[[0;32m  OK  [0m] Started Forward Password Requests to Wall Directory Watch.
[[0;32m  OK  [0m] Listening on udev Control Socket.
[[0;32m  OK  [0m] Created slice system-serial\x2dgetty.slice.
[[0;32m  OK  [0m] Reached target Slices.
[[0;32m  OK  [0m] Listening on Network Service Netlink Socket.
[[0;32m  OK  [0m] Listening on udev Kernel Socket.
[[0;32m  OK  [0m] Listening on LVM2 metadata daemon socket.
[[0;32m  OK  [0m] Listening on Journal Audit Socket.
[[0;32m  OK  [0m] Reached target System Time Synchronized.
[[0;32m  OK  [0m] Listening on Syslog Socket.
[[0;32m  OK  [0m] Listening on LVM2 poll daemon socket.
[[0;32m  OK  [0m] Listening on initctl Compatibility Named Pipe.
[[0;32m  OK  [0m] Reached target Swap.
[[0;32m  OK  [0m] Listening on Device-mapper event daemon FIFOs.
[[0;32m  OK  [0m] Reached target User and Group Name Lookups.
[[0;32m  OK  [0m] Listening on Journal Socket.
         Starting Set the console keyboard layout...
         Mounting POSIX Message Queue File System...
         Starting Remount Root and Kernel File Systems...
         Starting Uncomplicated firewall...
         Mounting Huge Pages File System...
         Starting Create list of required st…ce nodes for the current kernel...
         Mounting Kernel Debug File System...
         Starting udev Coldplug all Devices...
         Starting Monitoring of LVM2 mirrors…ng dmeventd or progress polling...
         Starting Load Kernel Modules...
         Starting Journal Service...
[[0;32m  OK  [0m] Mounted POSIX Message Queue File System.
[[0;32m  OK  [0m] Mounted Huge Pages File System.
[[0;32m  OK  [0m] Mounted Kernel Debug File System.
[[0;32m  OK  [0m] Started Create list of required sta…vice nodes for the current kernel.
[    6.190363] EXT4-fs (sda1): re-mounted. Opts: (null)
[[0;32m  OK  [0m] Started Remount Root and Kernel File Systems.
         Starting Create System Users...
         Starting Load/Save Random Seed...
[[0;32m  OK  [0m] Started Uncomplicated firewall.
[[0;32m  OK  [0m] Started Load/Save Random Seed.
[[0;32m  OK  [0m] Started udev Coldplug all Devices.
[[0;32m  OK  [0m] Started Journal Service.
         Starting Flush Journal to Persistent Storage...
[    6.512694] Loading iSCSI transport class v2.0-870.
[    6.549058] iscsi: registered transport (tcp)
[[0;32m  OK  [0m] Started Create System Users.
         Starting Create Static Device Nodes in /dev...
[    6.592499] iscsi: registered transport (iser)
[[0;32m  OK  [0m] Started Load Kernel Modules.
         Mounting FUSE Control File System...
         Starting Apply Kernel Variables...
         Mounting Kernel Configuration File System...
[[0;32m  OK  [0m] Mounted FUSE Control File System.
[[0;32m  OK  [0m] Mounted Kernel Configuration File System.
[    6.649627] systemd-journald[391]: Received request to flush runtime journal from PID 1
[[0;32m  OK  [0m] Started Apply Kernel Variables.
[[0;32m  OK  [0m] Started Create Static Device Nodes in /dev.
         Starting udev Kernel Device Manager...
[[0;32m  OK  [0m] Started LVM2 metadata daemon.
[[0;32m  OK  [0m] Started Flush Journal to Persistent Storage.
[[0;32m  OK  [0m] Started Monitoring of LVM2 mirrors,…sing dmeventd or progress polling.
[[0;32m  OK  [0m] Started udev Kernel Device Manager.
[[0;32m  OK  [0m] Found device /dev/ttyS0.
[[0;32m  OK  [0m] Listening on Load/Save RF Kill Switch Status /dev/rfkill Watch.
[[0;32m  OK  [0m] Started Set the console keyboard layout.
[[0;32m  OK  [0m] Reached target Local File Systems (Pre).
[[0;32m  OK  [0m] Reached target Local File Systems.
         Starting AppArmor initialization...
         Starting GRUB failed boot detection...
         Starting Tell Plymouth To Write Out Runtime Data...
         Starting Commit a transient machine-id on disk...
         Starting Create Volatile Files and Directories...
         Starting Set console font and keymap...
         Starting Create final runtime dir for shutdown pivot root...
[[0;32m  OK  [0m] Started Dispatch Password Requests to Console Directory Watch.
[[0;32m  OK  [0m] Reached target Local Encrypted Volumes.
[[0;32m  OK  [0m] Started Create Volatile Files and Directories.
         Starting Update UTMP about System Boot/Shutdown...
[[0;32m  OK  [0m] Started Set console font and keymap.
[[0;32m  OK  [0m] Started Tell Plymouth To Write Out Runtime Data.
[[0;32m  OK  [0m] Started Create final runtime dir for shutdown pivot root.
[[0;32m  OK  [0m] Started Update UTMP about System Boot/Shutdown.
[[0;32m  OK  [0m] Started GRUB failed boot detection.
[[0;32m  OK  [0m] Started Commit a transient machine-id on disk.
[[0;32m  OK  [0m] Started AppArmor initialization.
         Starting Initial cloud-init job (pre-networking)...
[   13.341663] cloud-init[674]: Cloud-init v. 19.1-1-gbaa47854-0ubuntu1~18.10.1 running 'init-local' at Tue, 23 Jul 2019 16:37:12 +0000. Up 12.66 seconds.
[[0;32m  OK  [0m] Started Initial cloud-init job (pre-networking).
[[0;32m  OK  [0m] Reached target Network (Pre).
         Starting Network Service...
[[0;32m  OK  [0m] Started Network Service.
         Starting Network Name Resolution...
         Starting Wait for Network to be Configured...
[[0;32m  OK  [0m] Started Network Name Resolution.
[[0;32m  OK  [0m] Reached target Network.
[[0;32m  OK  [0m] Reached target Host and Network Name Lookups.
[[0;32m  OK  [0m] Started Wait for Network to be Configured.
         Starting Initial cloud-init job (metadata service crawler)...
[   15.872687] cloud-init[812]: Cloud-init v. 19.1-1-gbaa47854-0ubuntu1~18.10.1 running 'init' at Tue, 23 Jul 2019 16:37:15 +0000. Up 15.69 seconds.
[   15.874226] cloud-init[812]: ci-info: ++++++++++++++++++++++++++++++++++++++Net device info++++++++++++++++++++++++++++++++++++++
[   15.875536] cloud-init[812]: ci-info: +--------+------+----------------------------+---------------+--------+-------------------+
[   15.877027] cloud-init[812]: ci-info: | Device |  Up  |          Address           |      Mask     | Scope  |     Hw-Address    |
[   15.878299] cloud-init[812]: ci-info: +--------+------+----------------------------+---------------+--------+-------------------+
[   15.879619] cloud-init[812]: ci-info: | enp0s3 | True |         10.0.2.15          | 255.255.255.0 | global | 02:48:52:69:50:c9 |
[   15.880940] cloud-init[812]: ci-info: | enp0s3 | True | fe80::48:52ff:fe69:50c9/64 |       .       |  link  | 02:48:52:69:50:c9 |
[   15.882224] cloud-init[812]: ci-info: |   lo   | True |         127.0.0.1          |   255.0.0.0   |  host  |         .         |
[   15.883470] cloud-init[812]: ci-info: |   lo   | True |          ::1/128           |       .       |  host  |         .         |
[   15.884761] cloud-init[812]: ci-info: +--------+------+----------------------------+---------------+--------+-------------------+
[   15.886090] cloud-init[812]: ci-info: ++++++++++++++++++++++++++++Route IPv4 info+++++++++++++++++++++++++++++
[   15.887158] cloud-init[812]: ci-info: +-------+-------------+----------+-----------------+-----------+-------+
[   15.888313] cloud-init[812]: ci-info: | Route | Destination | Gateway  |     Genmask     | Interface | Flags |
[   15.889398] cloud-init[812]: ci-info: +-------+-------------+----------+-----------------+-----------+-------+
[   15.890503] cloud-init[812]: ci-info: |   0   |   0.0.0.0   | 10.0.2.2 |     0.0.0.0     |   enp0s3  |   UG  |
[   15.892006] cloud-init[812]: ci-info: |   1   |   10.0.2.0  | 0.0.0.0  |  255.255.255.0  |   enp0s3  |   U   |
[   15.893532] cloud-init[812]: ci-info: |   2   |   10.0.2.2  | 0.0.0.0  | 255.255.255.255 |   enp0s3  |   UH  |
[   15.894618] cloud-init[812]: ci-info: +-------+-------------+----------+-----------------+-----------+-------+
[   15.895711] cloud-init[812]: ci-info: +++++++++++++++++++Route IPv6 info+++++++++++++++++++
[   15.896643] cloud-init[812]: ci-info: +-------+-------------+---------+-----------+-------+
[   15.908484] cloud-init[812]: ci-info: | Route | Destination | Gateway | Interface | Flags |
[   15.909348] cloud-init[812]: ci-info: +-------+-------------+---------+-----------+-------+
[   15.910359] cloud-init[812]: ci-info: |   1   |  fe80::/64  |    ::   |   enp0s3  |   U   |
[   15.911292] cloud-init[812]: ci-info: |   3   |    local    |    ::   |   enp0s3  |   U   |
[   15.912501] cloud-init[812]: ci-info: |   4   |   ff00::/8  |    ::   |   enp0s3  |   U   |
[   15.913595] cloud-init[812]: ci-info: +-------+-------------+---------+-----------+-------+
[   17.571920] cloud-init[812]: Generating public/private rsa key pair.
[   17.573313] cloud-init[812]: Your identification has been saved in /etc/ssh/ssh_host_rsa_key.
[   17.574878] cloud-init[812]: Your public key has been saved in /etc/ssh/ssh_host_rsa_key.pub.
[   17.576365] cloud-init[812]: The key fingerprint is:
[   17.577325] cloud-init[812]: SHA256:LjwxG8tFCNON5JDeeUS3R/NtDgAPLxjsb1Kt7EvJe5k root@ubuntu-cosmic
[   17.578615] cloud-init[812]: The key's randomart image is:
[   17.579444] cloud-init[812]: +---[RSA 2048]----+
[   17.592321] cloud-init[812]: |    ++.=o +.+    |
[   17.593686] cloud-init[812]: |    .=o.++ * + . |
[   17.604635] cloud-init[812]: |   . .o+o o.+ o o|
[   17.605269] cloud-init[812]: |    . o.o .o.  + |
[   17.606022] cloud-init[812]: |      +.S+ .    .|
[   17.606817] cloud-init[812]: |     o O..=.     |
[   17.607625] cloud-init[812]: |      B .++  o   |
[   17.608457] cloud-init[812]: |       o ...E    |
[   17.609284] cloud-init[812]: |          oo     |
[   17.609898] cloud-init[812]: +----[SHA256]-----+
[   17.610446] cloud-init[812]: Generating public/private dsa key pair.
[   17.611201] cloud-init[812]: Your identification has been saved in /etc/ssh/ssh_host_dsa_key.
[   17.612178] cloud-init[812]: Your public key has been saved in /etc/ssh/ssh_host_dsa_key.pub.
[   17.613225] cloud-init[812]: The key fingerprint is:
[   17.613904] cloud-init[812]: SHA256:nGnc6gHB50yd4QvBel0QxuX09A6Qnq0EV76WZTKqw18 root@ubuntu-cosmic
[   17.615447] cloud-init[812]: The key's randomart image is:
[   17.616653] cloud-init[812]: +---[DSA 1024]----+
[   17.617277] cloud-init[812]: |       ...=++oo  |
[   17.617816] cloud-init[812]: |     .  .=o=+= . |
[   17.618647] cloud-init[812]: |      o.+.+=.o* +|
[   17.619704] cloud-init[812]: |      .O.=..+..X |
[   17.620492] cloud-init[812]: |      ..S o...+ .|
[   17.621298] cloud-init[812]: |       o o ...   |
[   17.622776] cloud-init[812]: |        o +   E  |
[   17.623967] cloud-init[812]: |       . . o .   |
[   17.624847] cloud-init[812]: |        .   .    |
[   17.625609] cloud-init[812]: +----[SHA256]-----+
[   17.626317] cloud-init[812]: Generating public/private ecdsa key pair.
[   17.627224] cloud-init[812]: Your identification has been saved in /etc/ssh/ssh_host_ecdsa_key.
[   17.629377] cloud-init[812]: Your public key has been saved in /etc/ssh/ssh_host_ecdsa_key.pub.
[   17.630613] cloud-init[812]: The key fingerprint is:
[   17.631208] cloud-init[812]: SHA256:b6YTL8fyMwDYdT91RvaPXigiBPt7+wkSewieNLK7i28 root@ubuntu-cosmic
[   17.632197] cloud-init[812]: The key's randomart image is:
[   17.632851] cloud-init[812]: +---[ECDSA 256]---+
[   17.633434] cloud-init[812]: |      .        .o|
[   17.633989] cloud-init[812]: |       o. .   ..+|
[   17.634554] cloud-init[812]: |     o.... . . o.|
[   17.635215] cloud-init[812]: |    . oo    o  o.|
[   17.635833] cloud-init[812]: |    . +.S . ..o o|
[   17.636450] cloud-init[812]: |     = +oB . o . |
[   17.636988] cloud-init[812]: |    . o ==B   .  |
[   17.637565] cloud-init[812]: |   .E.  +B*o .   |
[   17.638139] cloud-init[812]: |  .o=o  .*o+o    |
[   17.638707] cloud-init[812]: +----[SHA256]-----+
[   17.639365] cloud-init[812]: Generating public/private ed25519 key pair.
[   17.640278] cloud-init[812]: Your identification has been saved in /etc/ssh/ssh_host_ed25519_key.
[   17.641334] cloud-init[812]: Your public key has been saved in /etc/ssh/ssh_host_ed25519_key.pub.
[   17.652472] cloud-init[812]: The key fingerprint is:
[   17.653158] cloud-init[812]: SHA256:C121/yaROUmaliyOKHBcjaCm8dYOW3Nl5DIG0VrKmgE root@ubuntu-cosmic
[   17.654210] cloud-init[812]: The key's randomart image is:
[   17.654890] cloud-init[812]: +--[ED25519 256]--+
[   17.655443] cloud-init[812]: |    +o  .   .    |
[   17.656327] cloud-init[812]: |E  . oo=   . .   |
[   17.657195] cloud-init[812]: |..o. +* = . . .  |
[   17.657903] cloud-init[812]: | =.o+o * . . * + |
[   17.658653] cloud-init[812]: |. =+* o S . * B  |
[   17.659263] cloud-init[812]: | .oB o o + o   + |
[   17.659986] cloud-init[812]: |  . o . o .   . o|
[   17.660917] cloud-init[812]: |     .         o |
[   17.661686] cloud-init[812]: |                 |
[   17.662359] cloud-init[812]: +----[SHA256]-----+
[[0;32m  OK  [0m] Started Initial cloud-init job (metadata service crawler).
[[0;32m  OK  [0m] Reached target Cloud-config availability.
[[0;32m  OK  [0m] Reached target System Initialization.
[[0;32m  OK  [0m] Started Daily apt download activities.
         Starting Socket activation for snappy daemon.
[[0;32m  OK  [0m] Started Discard unused blocks once a week.
[[0;32m  OK  [0m] Started Daily rotation of log files.
[[0;32m  OK  [0m] Started ACPI Events Check.
[[0;32m  OK  [0m] Reached target Paths.
[[0;32m  OK  [0m] Listening on UUID daemon activation socket.
[[0;32m  OK  [0m] Started Daily Cleanup of Temporary Directories.
[[0;32m  OK  [0m] Listening on ACPID Listen Socket.
[[0;32m  OK  [0m] Started Daily apt upgrade and clean activities.
[[0;32m  OK  [0m] Started Message of the Day.
[[0;32m  OK  [0m] Reached target Timers.
[[0;32m  OK  [0m] Listening on Open-iSCSI iscsid Socket.
[[0;32m  OK  [0m] Listening on D-Bus System Message Bus Socket.
[[0;32m  OK  [0m] Reached target Network is Online.
[[0;32m  OK  [0m] Reached target Remote File Systems (Pre).
[[0;32m  OK  [0m] Reached target Remote File Systems.
         Starting Availability of block devices...
[[0;32m  OK  [0m] Listening on Socket activation for snappy daemon.
[[0;32m  OK  [0m] Reached target Sockets.
[[0;32m  OK  [0m] Reached target Basic System.
         Starting Login Service...
         Starting LSB: Record successful boot for GRUB...
         Starting Virtualbox guest utils...
         Starting Permit User Sessions...
[[0;32m  OK  [0m] Started D-Bus System Message Bus.
[[0;32m  OK  [0m] Started Deferred execution scheduler.
         Starting Accounts Service...
         Starting System Logging Service...
[[0;32m  OK  [0m] Started Regular background program processing daemon.
         Starting LSB: automatic crash report generation...
         Starting Dispatcher daemon for systemd-networkd...
         Starting Pollinate to seed the pseudo random number generator...
[[0;32m  OK  [0m] Started irqbalance daemon.
         Starting Snappy daemon...
[[0;32m  OK  [0m] Started Availability of block devices.
[[0;32m  OK  [0m] Started Permit User Sessions.
         Starting Terminate Plymouth Boot Screen...
         Starting Hold until boot process finishes up...
[[0;32m  OK  [0m] Started LSB: Record successful boot for GRUB.
[[0;32m  OK  [0m] Started Hold until boot process finishes up.
         Starting Set console scheme...
[[0;32m  OK  [0m] Started Serial Getty on ttyS0.
[[0;32m  OK  [0m] Started Terminate Plymouth Boot Screen.
[[0;32m  OK  [0m] Started Login Service.
[[0;32m  OK  [0m] Started Unattended Upgrades Shutdown.
[[0;32m  OK  [0m] Started Set console scheme.
[[0;32m  OK  [0m] Created slice system-getty.slice.
[[0;32m  OK  [0m] Started Getty on tty1.
[[0;32m  OK  [0m] Reached target Login Prompts.
         Starting Authorization Manager...
[[0;32m  OK  [0m] Started LSB: automatic crash report generation.
[[0;32m  OK  [0m] Started Authorization Manager.
[[0;32m  OK  [0m] Started Accounts Service.
[[0;32m  OK  [0m] Started System Logging Service.
[[0;32m  OK  [0m] Started Virtualbox guest utils.
[[0;32m  OK  [0m] Started Dispatcher daemon for systemd-networkd.
[[0;32m  OK  [0m] Started Snappy daemon.
         Starting Wait until snapd is fully seeded...
[[0;32m  OK  [0m] Started Pollinate to seed the pseudo random number generator.
         Starting OpenBSD Secure Shell server...
[[0;32m  OK  [0m] Started OpenBSD Secure Shell server.
[[0;32m  OK  [0m] Created slice system-user\x2druntime\x2ddir.slice.
[[0;32m  OK  [0m] Created slice User Slice of UID 1000.
[[0;32m  OK  [0m] Started Session 1 of user vagrant.
[[0;32m  OK  [0m] Started /run/user/1000 mount wrapper.
         Starting User Manager for UID 1000...
[[0;32m  OK  [0m] Started User Manager for UID 1000.

Ubuntu 18.10 ubuntu-cosmic ttyS0

ubuntu-cosmic login:          Mounting Mount unit for core, revision 7270...
[[0;32m  OK  [0m] Mounted Mount unit for core, revision 7270.
         Stopping User Manager for UID 1000...
[[0;32m  OK  [0m] Stopped User Manager for UID 1000.
[[0;32m  OK  [0m] Removed slice User Slice of UID 1000.
         Stopping /run/user/1000 mount wrapper...
[[0;32m  OK  [0m] Stopped /run/user/1000 mount wrapper.
[[0;32m  OK  [0m] Created slice User Slice of UID 1000.
[[0;32m  OK  [0m] Started Session 3 of user vagrant.
[[0;32m  OK  [0m] Started /run/user/1000 mount wrapper.
         Starting User Manager for UID 1000...
[[0;32m  OK  [0m] Started User Manager for UID 1000.
[[0;32m  OK  [0m] Stopped Snappy daemon.
         Starting Snappy daemon...
[[0;32m  OK  [0m] Started Snappy daemon.
         Mounting Mount unit for lxd, revision 11270...
[[0;32m  OK  [0m] Mounted Mount unit for lxd, revision 11270.
[[0;32m  OK  [0m] Listening on Socket unix for snap application lxd.daemon.
         Starting Service for snap application lxd.activate...
[[0;32m  OK  [0m] Started Service for snap application lxd.activate.
[[0;32m  OK  [0m] Started Wait until snapd is fully seeded.
         Starting Apply the settings specified in cloud-config...
[[0;32m  OK  [0m] Reached target Multi-User System.
[[0;32m  OK  [0m] Reached target Graphical Interface.
         Starting Update UTMP about System Runlevel Changes...
[[0;32m  OK  [0m] Started Update UTMP about System Runlevel Changes.
[   39.730228] cloud-init[3268]: Cloud-init v. 19.1-1-gbaa47854-0ubuntu1~18.10.1 running 'modules:config' at Tue, 23 Jul 2019 16:37:38 +0000. Up 38.83 seconds.
[[0;32m  OK  [0m] Started Apply the settings specified in cloud-config.
         Starting Execute cloud user/final scripts...
ci-info: no authorized ssh keys fingerprints found for user ubuntu.
<14>Jul 23 16:37:40 ec2: 
<14>Jul 23 16:37:40 ec2: #############################################################
<14>Jul 23 16:37:40 ec2: -----BEGIN SSH HOST KEY FINGERPRINTS-----
<14>Jul 23 16:37:40 ec2: 1024 SHA256:nGnc6gHB50yd4QvBel0QxuX09A6Qnq0EV76WZTKqw18 root@ubuntu-cosmic (DSA)
<14>Jul 23 16:37:40 ec2: 256 SHA256:b6YTL8fyMwDYdT91RvaPXigiBPt7+wkSewieNLK7i28 root@ubuntu-cosmic (ECDSA)
<14>Jul 23 16:37:40 ec2: 256 SHA256:C121/yaROUmaliyOKHBcjaCm8dYOW3Nl5DIG0VrKmgE root@ubuntu-cosmic (ED25519)
<14>Jul 23 16:37:40 ec2: 2048 SHA256:LjwxG8tFCNON5JDeeUS3R/NtDgAPLxjsb1Kt7EvJe5k root@ubuntu-cosmic (RSA)
<14>Jul 23 16:37:40 ec2: -----END SSH HOST KEY FINGERPRINTS-----
<14>Jul 23 16:37:40 ec2: #############################################################
-----BEGIN SSH HOST KEY KEYS-----
ecdsa-sha2-nistp256 AAAAE2VjZHNhLXNoYTItbmlzdHAyNTYAAAAIbmlzdHAyNTYAAABBBD3fWw2xmSEseWzTVl6r8WM57kSeQgHFdhNd0o2R3lWbwP6yZCzO+OK0IMdiCtjqGE53hDE1iM6L9yXorLxFrI0= root@ubuntu-cosmic
ssh-ed25519 AAAAC3NzaC1lZDI1NTE5AAAAIGWFNguTe3QKuH2Xt6NTXstkbB7bYvE/A52uiJ37QRyi root@ubuntu-cosmic
ssh-rsa AAAAB3NzaC1yc2EAAAADAQABAAABAQCu/ERNq+xG7SIS1w269zmKLmKOqr5c7nXceBWqavS4j7tRbCWnP7xzkmuBAAuQawTY0g2NNIGbOfh9+CsaSC7DP8jH2E+0KPxS9eXgUIjY/jqJWW+AHu/MzCjRJosk47t5n1s+SL8YMd42D5ruLb/OLYp0303zN5g01RgyD7cbdYm4nPR6v6aNLyAfQCsGMP8fKFpFCQjN06Zde2210OJOmCLKnU1nRNPuMtNor9ygmgy/eQM8R28aL0q9JHLw4VTPq56R78Ay8wN8Ajnqw8RRx1ZFQGOj61eiYIoMcnNg0uR1WaKsb3gIY9QQaVmmD+3j9IPKp7j07KkEYMhZ0DWJ root@ubuntu-cosmic
-----END SSH HOST KEY KEYS-----
[   40.437526] cloud-init[3310]: Cloud-init v. 19.1-1-gbaa47854-0ubuntu1~18.10.1 running 'modules:final' at Tue, 23 Jul 2019 16:37:40 +0000. Up 40.27 seconds.
[   40.440386] cloud-init[3310]: ci-info: no authorized ssh keys fingerprints found for user ubuntu.
[   40.442868] cloud-init[3310]: Cloud-init v. 19.1-1-gbaa47854-0ubuntu1~18.10.1 finished at Tue, 23 Jul 2019 16:37:40 +0000. Datasource DataSourceNoCloud [seed=/dev/sdb][dsmode=net].  Up 40.42 seconds
[[0;32m  OK  [0m] Started Execute cloud user/final scripts.
[[0;32m  OK  [0m] Reached target Cloud-init target.
